<?xml version="1.0" encoding="UTF-8"?>
<!-- Generated by org.testng.reporters.JUnitXMLReporter -->
<testsuite ignored="0" hostname="ATMECSINLT-085" failures="1" tests="2" name="Test" time="14.217" errors="0" timestamp="29 Aug 2019 04:56:51 GMT">
  <testcase classname="com.demoaut.com.demoaut.AppTest" name="AppTest1" time="7.282">
    <failure type="java.lang.NullPointerException">
      <![CDATA[java.lang.NullPointerException
	at com.demoaut.com.demoaut.Reservation.reservation(Reservation.java:16)
	at com.demoaut.com.demoaut.AppTest.AppTest1(AppTest.java:39)
... Removed 25 stack frames]]>
    </failure>
  </testcase> <!-- AppTest1 -->
  <testcase classname="com.demoaut.com.demoaut.AppTest" name="testApp" time="0.004"/>
</testsuite> <!-- Test -->
